0 info it worked if it ends with ok
1 verbose cli [ 'node', '/usr/local/bin/npm', 'install', '-g', 'npm@latest' ]
2 info using npm@1.1.71
3 info using node@v0.10.32
4 verbose read json /Users/flunky/.nvm/v0.10.32/lib/package.json
5 verbose read json /Users/flunky/.nvm/v0.10.32/lib/package.json
6 verbose cache add [ 'npm@latest', null ]
7 silly cache add name=undefined spec="npm@latest" args=["npm@latest",null]
8 verbose parsed url { protocol: null,
8 verbose parsed url   slashes: null,
8 verbose parsed url   auth: null,
8 verbose parsed url   host: null,
8 verbose parsed url   port: null,
8 verbose parsed url   hostname: null,
8 verbose parsed url   hash: null,
8 verbose parsed url   search: null,
8 verbose parsed url   query: null,
8 verbose parsed url   pathname: 'npm@latest',
8 verbose parsed url   path: 'npm@latest',
8 verbose parsed url   href: 'npm@latest' }
9 silly cache add name="npm" spec="latest" args=["npm","latest"]
10 verbose parsed url { protocol: null,
10 verbose parsed url   slashes: null,
10 verbose parsed url   auth: null,
10 verbose parsed url   host: null,
10 verbose parsed url   port: null,
10 verbose parsed url   hostname: null,
10 verbose parsed url   hash: null,
10 verbose parsed url   search: null,
10 verbose parsed url   query: null,
10 verbose parsed url   pathname: 'latest',
10 verbose parsed url   path: 'latest',
10 verbose parsed url   href: 'latest' }
11 verbose addNamed [ 'npm', 'latest' ]
12 verbose addNamed [ null, null ]
13 silly lockFile 588f5fcc-npm-latest npm@latest
14 verbose lock npm@latest /Users/flunky/.npm/588f5fcc-npm-latest.lock
15 info addNameTag [ 'npm', 'latest' ]
16 verbose url raw npm
17 verbose url resolving [ 'https://registry.npmjs.org/', './npm' ]
18 verbose url resolved https://registry.npmjs.org/npm
19 info trying registry request attempt 1 at 20:14:54
20 http GET https://registry.npmjs.org/npm
21 http 200 https://registry.npmjs.org/npm
22 silly registry.get cb [ 200,
22 silly registry.get   { date: 'Tue, 07 Oct 2014 18:14:55 GMT',
22 silly registry.get     server: 'CouchDB/1.5.0 (Erlang OTP/R16B03)',
22 silly registry.get     etag: '"5G5CNUJGUQC4J1JYZ0YU7878D"',
22 silly registry.get     'content-type': 'application/json',
22 silly registry.get     'cache-control': 'max-age=60',
22 silly registry.get     'content-length': '1540971',
22 silly registry.get     'accept-ranges': 'bytes',
22 silly registry.get     via: '1.1 varnish',
22 silly registry.get     age: '5060',
22 silly registry.get     'x-served-by': 'cache-ams4121-AMS',
22 silly registry.get     'x-cache': 'HIT',
22 silly registry.get     'x-cache-hits': '1',
22 silly registry.get     'x-timer': 'S1412705695.120607,VS0,VE5',
22 silly registry.get     vary: 'Accept',
22 silly registry.get     'keep-alive': 'timeout=10, max=50',
22 silly registry.get     connection: 'Keep-Alive' } ]
23 verbose addNamed [ 'npm', '2.1.2' ]
24 verbose addNamed [ '2.1.2', '2.1.2' ]
25 silly lockFile 45dae010-npm-2-1-2 npm@2.1.2
26 verbose lock npm@2.1.2 /Users/flunky/.npm/45dae010-npm-2-1-2.lock
27 verbose read json /Users/flunky/.npm/npm/2.1.2/package/package.json
28 warn package.json npm@2.1.2 No README.md file found!
29 silly lockFile 45dae010-npm-2-1-2 npm@2.1.2
30 silly lockFile 588f5fcc-npm-latest npm@latest
31 silly resolved [ { version: '2.1.2',
31 silly resolved     name: 'npm',
31 silly resolved     description: 'A package manager for node',
31 silly resolved     keywords: [ 'package manager', 'modules', 'install', 'package.json' ],
31 silly resolved     preferGlobal: true,
31 silly resolved     config: { publishtest: false },
31 silly resolved     homepage: 'https://npmjs.org/doc/',
31 silly resolved     author:
31 silly resolved      { name: 'Isaac Z. Schlueter',
31 silly resolved        email: 'i@izs.me',
31 silly resolved        url: 'http://blog.izs.me' },
31 silly resolved     repository: { type: 'git', url: 'https://github.com/npm/npm' },
31 silly resolved     bugs:
31 silly resolved      { url: 'http://github.com/npm/npm/issues',
31 silly resolved        email: 'npm-@googlegroups.com' },
31 silly resolved     directories: { doc: './doc', man: './man', lib: './lib', bin: './bin' },
31 silly resolved     main: './lib/npm.js',
31 silly resolved     bin: { npm: './bin/npm-cli.js' },
31 silly resolved     dependencies:
31 silly resolved      { abbrev: '~1.0.5',
31 silly resolved        ansi: '~0.3.0',
31 silly resolved        ansicolors: '~0.3.2',
31 silly resolved        ansistyles: '~0.1.3',
31 silly resolved        archy: '0',
31 silly resolved        'async-some': '~1.0.1',
31 silly resolved        'block-stream': '0.0.7',
31 silly resolved        'char-spinner': '~1.0.1',
31 silly resolved        'child-process-close': '~0.1.1',
31 silly resolved        chmodr: '~0.1.0',
31 silly resolved        chownr: '0',
31 silly resolved        'cmd-shim': '~2.0.1',
31 silly resolved        columnify: '~1.2.1',
31 silly resolved        editor: '~0.1.0',
31 silly resolved        'fs-vacuum': '~1.2.1',
31 silly resolved        'fs-write-stream-atomic': '~1.0.2',
31 silly resolved        fstream: '~1.0.2',
31 silly resolved        'fstream-npm': '~1.0.0',
31 silly resolved        'github-url-from-git': '~1.4.0',
31 silly resolved        'github-url-from-username-repo': '~1.0.2',
31 silly resolved        glob: '~4.0.5',
31 silly resolved        'graceful-fs': '~3.0.0',
31 silly resolved        inflight: '~1.0.1',
31 silly resolved        ini: '~1.2.0',
31 silly resolved        'init-package-json': '~1.1.0',
31 silly resolved        lockfile: '~1.0.0',
31 silly resolved        'lru-cache': '~2.5.0',
31 silly resolved        minimatch: '~1.0.0',
31 silly resolved        mkdirp: '~0.5.0',
31 silly resolved        'node-gyp': '~1.0.1',
31 silly resolved        nopt: '~3.0.1',
31 silly resolved        'normalize-package-data': '~1.0.3',
31 silly resolved        'npm-cache-filename': '~1.0.1',
31 silly resolved        'npm-install-checks': '~1.0.2',
31 silly resolved        'npm-package-arg': '~2.1.2',
31 silly resolved        'npm-registry-client': '~3.2.2',
31 silly resolved        'npm-user-validate': '~0.1.0',
31 silly resolved        npmconf: '~2.1.0',
31 silly resolved        npmlog: '~0.1.1',
31 silly resolved        once: '~1.3.0',
31 silly resolved        opener: '~1.3.0',
31 silly resolved        osenv: '~0.1.0',
31 silly resolved        'path-is-inside': '~1.0.0',
31 silly resolved        read: '~1.0.4',
31 silly resolved        'read-installed': '~3.1.2',
31 silly resolved        'read-package-json': '~1.2.7',
31 silly resolved        request: '~2.44.0',
31 silly resolved        retry: '~0.6.0',
31 silly resolved        rimraf: '~2.2.8',
31 silly resolved        semver: '~4.0.0',
31 silly resolved        sha: '~1.2.1',
31 silly resolved        slide: '~1.1.6',
31 silly resolved        'sorted-object': '~1.0.0',
31 silly resolved        tar: '~1.0.1',
31 silly resolved        'text-table': '~0.2.0',
31 silly resolved        'uid-number': '0.0.5',
31 silly resolved        which: '1',
31 silly resolved        'write-file-atomic': '~1.1.0',
31 silly resolved        dezalgo: '*',
31 silly resolved        inherits: '*' },
31 silly resolved     bundleDependencies:
31 silly resolved      [ 'abbrev',
31 silly resolved        'ansi',
31 silly resolved        'ansicolors',
31 silly resolved        'ansistyles',
31 silly resolved        'archy',
31 silly resolved        'async-some',
31 silly resolved        'block-stream',
31 silly resolved        'char-spinner',
31 silly resolved        'child-process-close',
31 silly resolved        'chmodr',
31 silly resolved        'chownr',
31 silly resolved        'cmd-shim',
31 silly resolved        'columnify',
31 silly resolved        'dezalgo',
31 silly resolved        'editor',
31 silly resolved        'fs-vacuum',
31 silly resolved        'fs-write-stream-atomic',
31 silly resolved        'fstream',
31 silly resolved        'fstream-npm',
31 silly resolved        'github-url-from-git',
31 silly resolved        'github-url-from-username-repo',
31 silly resolved        'glob',
31 silly resolved        'graceful-fs',
31 silly resolved        'inflight',
31 silly resolved        'inherits',
31 silly resolved        'ini',
31 silly resolved        'init-package-json',
31 silly resolved        'lockfile',
31 silly resolved        'lru-cache',
31 silly resolved        'minimatch',
31 silly resolved        'mkdirp',
31 silly resolved        'node-gyp',
31 silly resolved        'nopt',
31 silly resolved        'normalize-package-data',
31 silly resolved        'npm-cache-filename',
31 silly resolved        'npm-install-checks',
31 silly resolved        'npm-package-arg',
31 silly resolved        'npm-registry-client',
31 silly resolved        'npm-user-validate',
31 silly resolved        'npmconf',
31 silly resolved        'npmlog',
31 silly resolved        'once',
31 silly resolved        'opener',
31 silly resolved        'osenv',
31 silly resolved        'path-is-inside',
31 silly resolved        'read',
31 silly resolved        'read-installed',
31 silly resolved        'read-package-json',
31 silly resolved        'request',
31 silly resolved        'retry',
31 silly resolved        'rimraf',
31 silly resolved        'semver',
31 silly resolved        'sha',
31 silly resolved        'slide',
31 silly resolved        'sorted-object',
31 silly resolved        'tar',
31 silly resolved        'text-table',
31 silly resolved        'uid-number',
31 silly resolved        'which',
31 silly resolved        'write-file-atomic' ],
31 silly resolved     devDependencies:
31 silly resolved      { marked: '~0.3.2',
31 silly resolved        'marked-man': '~0.1.4',
31 silly resolved        nock: '~0.34.1',
31 silly resolved        'npm-registry-couchapp': '~2.5.3',
31 silly resolved        'npm-registry-mock': '~0.6.3',
31 silly resolved        'require-inject': '~1.0.0',
31 silly resolved        tap: '~0.4.12' },
31 silly resolved     scripts:
31 silly resolved      { 'test-legacy': 'node ./test/run.js',
31 silly resolved        test: 'tap --timeout 120 test/tap/*.js',
31 silly resolved        tap: 'tap --timeout 120 test/tap/*.js',
31 silly resolved        'test-all': 'node ./test/run.js && tap test/tap/*.js',
31 silly resolved        prepublish: 'node bin/npm-cli.js prune --prefix=. --no-global && rm -rf test/*/*/node_modules && make -j8 doc',
31 silly resolved        dumpconf: 'env | grep npm | sort | uniq' },
31 silly resolved     license: 'Artistic-2.0',
31 silly resolved     man:
31 silly resolved      [ '/Users/ogd/Documents/projects/npm/npm/man/man1/npm-README.1',
31 silly resolved        '/Users/ogd/Documents/projects/npm/npm/man/man1/npm-adduser.1',
31 silly resolved        '/Users/ogd/Documents/projects/npm/npm/man/man1/npm-bin.1',
31 silly resolved        '/Users/ogd/Documents/projects/npm/npm/man/man1/npm-bugs.1',
31 silly resolved        '/Users/ogd/Documents/projects/npm/npm/man/man1/npm-build.1',
31 silly resolved        '/Users/ogd/Documents/projects/npm/npm/man/man1/npm-bundle.1',
31 silly resolved        '/Users/ogd/Documents/projects/npm/npm/man/man1/npm-cache.1',
31 silly resolved        '/Users/ogd/Documents/projects/npm/npm/man/man1/npm-completion.1',
31 silly resolved        '/Users/ogd/Documents/projects/npm/npm/man/man1/npm-config.1',
31 silly resolved        '/Users/ogd/Documents/projects/npm/npm/man/man1/npm-dedupe.1',
31 silly resolved        '/Users/ogd/Documents/projects/npm/npm/man/man1/npm-deprecate.1',
31 silly resolved        '/Users/ogd/Documents/projects/npm/npm/man/man1/npm-docs.1',
31 silly resolved        '/Users/ogd/Documents/projects/npm/npm/man/man1/npm-edit.1',
31 silly resolved        '/Users/ogd/Documents/projects/npm/npm/man/man1/npm-explore.1',
31 silly resolved        '/Users/ogd/Documents/projects/npm/npm/man/man1/npm-help-search.1',
31 silly resolved        '/Users/ogd/Documents/projects/npm/npm/man/man1/npm-help.1',
31 silly resolved        '/Users/ogd/Documents/projects/npm/npm/man/man1/npm-init.1',
31 silly resolved        '/Users/ogd/Documents/projects/npm/npm/man/man1/npm-install.1',
31 silly resolved        '/Users/ogd/Documents/projects/npm/npm/man/man1/npm-link.1',
31 silly resolved        '/Users/ogd/Documents/projects/npm/npm/man/man1/npm-ls.1',
31 silly resolved        '/Users/ogd/Documents/projects/npm/npm/man/man1/npm-outdated.1',
31 silly resolved        '/Users/ogd/Documents/projects/npm/npm/man/man1/npm-owner.1',
31 silly resolved        '/Users/ogd/Documents/projects/npm/npm/man/man1/npm-pack.1',
31 silly resolved        '/Users/ogd/Documents/projects/npm/npm/man/man1/npm-prefix.1',
31 silly resolved        '/Users/ogd/Documents/projects/npm/npm/man/man1/npm-prune.1',
31 silly resolved        '/Users/ogd/Documents/projects/npm/npm/man/man1/npm-publish.1',
31 silly resolved        '/Users/ogd/Documents/projects/npm/npm/man/man1/npm-rebuild.1',
31 silly resolved        '/Users/ogd/Documents/projects/npm/npm/man/man1/npm-repo.1',
31 silly resolved        '/Users/ogd/Documents/projects/npm/npm/man/man1/npm-restart.1',
31 silly resolved        '/Users/ogd/Documents/projects/npm/npm/man/man1/npm-rm.1',
31 silly resolved        '/Users/ogd/Documents/projects/npm/npm/man/man1/npm-root.1',
31 silly resolved        '/Users/ogd/Documents/projects/npm/npm/man/man1/npm-run-script.1',
31 silly resolved        '/Users/ogd/Documents/projects/npm/npm/man/man1/npm-search.1',
31 silly resolved        '/Users/ogd/Documents/projects/npm/npm/man/man1/npm-shrinkwrap.1',
31 silly resolved        '/Users/ogd/Documents/projects/npm/npm/man/man1/npm-star.1',
31 silly resolved        '/Users/ogd/Documents/projects/npm/npm/man/man1/npm-stars.1',
31 silly resolved        '/Users/ogd/Documents/projects/npm/npm/man/man1/npm-start.1',
31 silly resolved        '/Users/ogd/Documents/projects/npm/npm/man/man1/npm-stop.1',
31 silly resolved        '/Users/ogd/Documents/projects/npm/npm/man/man1/npm-submodule.1',
31 silly resolved        '/Users/ogd/Documents/projects/npm/npm/man/man1/npm-tag.1',
31 silly resolved        '/Users/ogd/Documents/projects/npm/npm/man/man1/npm-test.1',
31 silly resolved        '/Users/ogd/Documents/projects/npm/npm/man/man1/npm-uninstall.1',
31 silly resolved        '/Users/ogd/Documents/projects/npm/npm/man/man1/npm-unpublish.1',
31 silly resolved        '/Users/ogd/Documents/projects/npm/npm/man/man1/npm-update.1',
31 silly resolved        '/Users/ogd/Documents/projects/npm/npm/man/man1/npm-version.1',
31 silly resolved        '/Users/ogd/Documents/projects/npm/npm/man/man1/npm-view.1',
31 silly resolved        '/Users/ogd/Documents/projects/npm/npm/man/man1/npm-whoami.1',
31 silly resolved        '/Users/ogd/Documents/projects/npm/npm/man/man1/npm.1',
31 silly resolved        '/Users/ogd/Documents/projects/npm/npm/man/man3/npm-bin.3',
31 silly resolved        '/Users/ogd/Documents/projects/npm/npm/man/man3/npm-bugs.3',
31 silly resolved        '/Users/ogd/Documents/projects/npm/npm/man/man3/npm-cache.3',
31 silly resolved        '/Users/ogd/Documents/projects/npm/npm/man/man3/npm-commands.3',
31 silly resolved        '/Users/ogd/Documents/projects/npm/npm/man/man3/npm-config.3',
31 silly resolved        '/Users/ogd/Documents/projects/npm/npm/man/man3/npm-deprecate.3',
31 silly resolved        '/Users/ogd/Documents/projects/npm/npm/man/man3/npm-docs.3',
31 silly resolved        '/Users/ogd/Documents/projects/npm/npm/man/man3/npm-edit.3',
31 silly resolved        '/Users/ogd/Documents/projects/npm/npm/man/man3/npm-explore.3',
31 silly resolved        '/Users/ogd/Documents/projects/npm/npm/man/man3/npm-help-search.3',
31 silly resolved        '/Users/ogd/Documents/projects/npm/npm/man/man3/npm-init.3',
31 silly resolved        '/Users/ogd/Documents/projects/npm/npm/man/man3/npm-install.3',
31 silly resolved        '/Users/ogd/Documents/projects/npm/npm/man/man3/npm-link.3',
31 silly resolved        '/Users/ogd/Documents/projects/npm/npm/man/man3/npm-load.3',
31 silly resolved        '/Users/ogd/Documents/projects/npm/npm/man/man3/npm-ls.3',
31 silly resolved        '/Users/ogd/Documents/projects/npm/npm/man/man3/npm-outdated.3',
31 silly resolved        '/Users/ogd/Documents/projects/npm/npm/man/man3/npm-owner.3',
31 silly resolved        '/Users/ogd/Documents/projects/npm/npm/man/man3/npm-pack.3',
31 silly resolved        '/Users/ogd/Documents/projects/npm/npm/man/man3/npm-prefix.3',
31 silly resolved        '/Users/ogd/Documents/projects/npm/npm/man/man3/npm-prune.3',
31 silly resolved        '/Users/ogd/Documents/projects/npm/npm/man/man3/npm-publish.3',
31 silly resolved        '/Users/ogd/Documents/projects/npm/npm/man/man3/npm-rebuild.3',
31 silly resolved        '/Users/ogd/Documents/projects/npm/npm/man/man3/npm-repo.3',
31 silly resolved        '/Users/ogd/Documents/projects/npm/npm/man/man3/npm-restart.3',
31 silly resolved        '/Users/ogd/Documents/projects/npm/npm/man/man3/npm-root.3',
31 silly resolved        '/Users/ogd/Documents/projects/npm/npm/man/man3/npm-run-script.3',
31 silly resolved        '/Users/ogd/Documents/projects/npm/npm/man/man3/npm-search.3',
31 silly resolved        '/Users/ogd/Documents/projects/npm/npm/man/man3/npm-shrinkwrap.3',
31 silly resolved        '/Users/ogd/Documents/projects/npm/npm/man/man3/npm-start.3',
31 silly resolved        '/Users/ogd/Documents/projects/npm/npm/man/man3/npm-stop.3',
31 silly resolved        '/Users/ogd/Documents/projects/npm/npm/man/man3/npm-submodule.3',
31 silly resolved        '/Users/ogd/Documents/projects/npm/npm/man/man3/npm-tag.3',
31 silly resolved        '/Users/ogd/Documents/projects/npm/npm/man/man3/npm-test.3',
31 silly resolved        '/Users/ogd/Documents/projects/npm/npm/man/man3/npm-uninstall.3',
31 silly resolved        '/Users/ogd/Documents/projects/npm/npm/man/man3/npm-unpublish.3',
31 silly resolved        '/Users/ogd/Documents/projects/npm/npm/man/man3/npm-update.3',
31 silly resolved        '/Users/ogd/Documents/projects/npm/npm/man/man3/npm-version.3',
31 silly resolved        '/Users/ogd/Documents/projects/npm/npm/man/man3/npm-view.3',
31 silly resolved        '/Users/ogd/Documents/projects/npm/npm/man/man3/npm-whoami.3',
31 silly resolved        '/Users/ogd/Documents/projects/npm/npm/man/man3/npm.3',
31 silly resolved        '/Users/ogd/Documents/projects/npm/npm/man/man5/npm-folders.5',
31 silly resolved        '/Users/ogd/Documents/projects/npm/npm/man/man5/npm-global.5',
31 silly resolved        '/Users/ogd/Documents/projects/npm/npm/man/man5/npm-json.5',
31 silly resolved        '/Users/ogd/Documents/projects/npm/npm/man/man5/npmrc.5',
31 silly resolved        '/Users/ogd/Documents/projects/npm/npm/man/man5/package.json.5',
31 silly resolved        '/Users/ogd/Documents/projects/npm/npm/man/man7/npm-coding-style.7',
31 silly resolved        '/Users/ogd/Documents/projects/npm/npm/man/man7/npm-config.7',
31 silly resolved        '/Users/ogd/Documents/projects/npm/npm/man/man7/npm-developers.7',
31 silly resolved        '/Users/ogd/Documents/projects/npm/npm/man/man7/npm-disputes.7',
31 silly resolved        '/Users/ogd/Documents/projects/npm/npm/man/man7/npm-faq.7',
31 silly resolved        '/Users/ogd/Documents/projects/npm/npm/man/man7/npm-index.7',
31 silly resolved        '/Users/ogd/Documents/projects/npm/npm/man/man7/npm-registry.7',
31 silly resolved        '/Users/ogd/Documents/projects/npm/npm/man/man7/npm-scope.7',
31 silly resolved        '/Users/ogd/Documents/projects/npm/npm/man/man7/npm-scripts.7',
31 silly resolved        '/Users/ogd/Documents/projects/npm/npm/man/man7/removing-npm.7',
31 silly resolved        '/Users/ogd/Documents/projects/npm/npm/man/man7/semver.7' ],
31 silly resolved     contributors:
31 silly resolved      [ [Object],
31 silly resolved        [Object],
31 silly resolved        [Object],
31 silly resolved        [Object],
31 silly resolved        [Object],
31 silly resolved        [Object],
31 silly resolved        [Object],
31 silly resolved        [Object],
31 silly resolved        [Object],
31 silly resolved        [Object],
31 silly resolved        [Object],
31 silly resolved        [Object],
31 silly resolved        [Object],
31 silly resolved        [Object],
31 silly resolved        [Object],
31 silly resolved        [Object],
31 silly resolved        [Object],
31 silly resolved        [Object],
31 silly resolved        [Object],
31 silly resolved        [Object],
31 silly resolved        [Object],
31 silly resolved        [Object],
31 silly resolved        [Object],
31 silly resolved        [Object],
31 silly resolved        [Object],
31 silly resolved        [Object],
31 silly resolved        [Object],
31 silly resolved        [Object],
31 silly resolved        [Object],
31 silly resolved        [Object],
31 silly resolved        [Object],
31 silly resolved        [Object],
31 silly resolved        [Object],
31 silly resolved        [Object],
31 silly resolved        [Object],
31 silly resolved        [Object],
31 silly resolved        [Object],
31 silly resolved        [Object],
31 silly resolved        [Object],
31 silly resolved        [Object],
31 silly resolved        [Object],
31 silly resolved        [Object],
31 silly resolved        [Object],
31 silly resolved        [Object],
31 silly resolved        [Object],
31 silly resolved        [Object],
31 silly resolved        [Object],
31 silly resolved        [Object],
31 silly resolved        [Object],
31 silly resolved        [Object],
31 silly resolved        [Object],
31 silly resolved        [Object],
31 silly resolved        [Object],
31 silly resolved        [Object],
31 silly resolved        [Object],
31 silly resolved        [Object],
31 silly resolved        [Object],
31 silly resolved        [Object],
31 silly resolved        [Object],
31 silly resolved        [Object],
31 silly resolved        [Object],
31 silly resolved        [Object],
31 silly resolved        [Object],
31 silly resolved        [Object],
31 silly resolved        [Object],
31 silly resolved        [Object],
31 silly resolved        [Object],
31 silly resolved        [Object],
31 silly resolved        [Object],
31 silly resolved        [Object],
31 silly resolved        [Object],
31 silly resolved        [Object],
31 silly resolved        [Object],
31 silly resolved        [Object],
31 silly resolved        [Object],
31 silly resolved        [Object],
31 silly resolved        [Object],
31 silly resolved        [Object],
31 silly resolved        [Object],
31 silly resolved        [Object],
31 silly resolved        [Object],
31 silly resolved        [Object],
31 silly resolved        [Object],
31 silly resolved        [Object],
31 silly resolved        [Object],
31 silly resolved        [Object],
31 silly resolved        [Object],
31 silly resolved        [Object],
31 silly resolved        [Object],
31 silly resolved        [Object],
31 silly resolved        [Object],
31 silly resolved        [Object],
31 silly resolved        [Object],
31 silly resolved        [Object],
31 silly resolved        [Object],
31 silly resolved        [Object],
31 silly resolved        [Object],
31 silly resolved        [Object],
31 silly resolved        [Object],
31 silly resolved        [Object],
31 silly resolved        [Object],
31 silly resolved        [Object],
31 silly resolved        [Object],
31 silly resolved        [Object],
31 silly resolved        [Object],
31 silly resolved        [Object],
31 silly resolved        [Object],
31 silly resolved        [Object],
31 silly resolved        [Object],
31 silly resolved        [Object],
31 silly resolved        [Object],
31 silly resolved        [Object],
31 silly resolved        [Object],
31 silly resolved        [Object],
31 silly resolved        [Object],
31 silly resolved        [Object],
31 silly resolved        [Object],
31 silly resolved        [Object],
31 silly resolved        [Object],
31 silly resolved        [Object],
31 silly resolved        [Object],
31 silly resolved        [Object],
31 silly resolved        [Object],
31 silly resolved        [Object],
31 silly resolved        [Object],
31 silly resolved        [Object],
31 silly resolved        [Object],
31 silly resolved        [Object],
31 silly resolved        [Object],
31 silly resolved        [Object],
31 silly resolved        [Object],
31 silly resolved        [Object],
31 silly resolved        [Object],
31 silly resolved        [Object],
31 silly resolved        [Object],
31 silly resolved        [Object],
31 silly resolved        [Object],
31 silly resolved        [Object],
31 silly resolved        [Object],
31 silly resolved        [Object],
31 silly resolved        [Object],
31 silly resolved        [Object],
31 silly resolved        [Object],
31 silly resolved        [Object],
31 silly resolved        [Object],
31 silly resolved        [Object],
31 silly resolved        [Object],
31 silly resolved        [Object],
31 silly resolved        [Object],
31 silly resolved        [Object],
31 silly resolved        [Object],
31 silly resolved        [Object],
31 silly resolved        [Object],
31 silly resolved        [Object],
31 silly resolved        [Object],
31 silly resolved        [Object],
31 silly resolved        [Object] ],
31 silly resolved     gitHead: '48cda625b39ce4f76e99288ca02f907ba534a354',
31 silly resolved     _id: 'npm@2.1.2',
31 silly resolved     _shasum: '85a1a234680fbd53261a8b9885c7c22edd23e8c1',
31 silly resolved     _from: 'npm@latest',
31 silly resolved     _npmVersion: '2.1.2',
31 silly resolved     _nodeVersion: '0.10.32',
31 silly resolved     _npmUser: { name: 'othiym23', email: 'ogd@aoaioxxysz.net' },
31 silly resolved     maintainers: [ [Object], [Object] ],
31 silly resolved     dist:
31 silly resolved      { shasum: '85a1a234680fbd53261a8b9885c7c22edd23e8c1',
31 silly resolved        tarball: 'http://registry.npmjs.org/npm/-/npm-2.1.2.tgz' },
31 silly resolved     _resolved: 'https://registry.npmjs.org/npm/-/npm-2.1.2.tgz',
31 silly resolved     readme: 'ERROR: No README.md file found!' } ]
32 info install npm@2.1.2 into /Users/flunky/.nvm/v0.10.32/lib
33 info installOne npm@2.1.2
34 error TypeError: Arguments to path.resolve must be strings
34 error     at Object.exports.resolve (path.js:313:15)
34 error     at Object.exports.relative (path.js:370:20)
34 error     at installOne_ (/usr/local/lib/node_modules/npm/lib/install.js:707:26)
34 error     at installOne (/usr/local/lib/node_modules/npm/lib/install.js:634:3)
34 error     at /usr/local/lib/node_modules/npm/lib/install.js:520:9
34 error     at /usr/local/lib/node_modules/npm/node_modules/slide/lib/async-map.js:54:35
34 error     at Array.forEach (native)
34 error     at /usr/local/lib/node_modules/npm/node_modules/slide/lib/async-map.js:54:11
34 error     at Array.forEach (native)
34 error     at asyncMap (/usr/local/lib/node_modules/npm/node_modules/slide/lib/async-map.js:53:8)
35 error If you need help, you may report this log at:
35 error     <http://github.com/isaacs/npm/issues>
35 error or email it to:
35 error     <npm-@googlegroups.com>
36 error System Darwin 13.4.0
37 error command "node" "/usr/local/bin/npm" "install" "-g" "npm@latest"
38 error cwd /Users/flunky/dev/javascript/mvcShootout/concertAngular
39 error node -v v0.10.32
40 error npm -v 1.1.71
41 verbose exit [ 1, true ]
